-------------------------------------------------------------------------------
Test set: com.miximovies.test.UserDAOTest
-------------------------------------------------------------------------------
Tests run: 6, Failures: 0, Errors: 4, Skipped: 0, Time elapsed: 0.057 s <<< FAILURE! - in com.miximovies.test.UserDAOTest
testUpdateUser(com.miximovies.test.UserDAOTest)  Time elapsed: 0.007 s  <<< ERROR!
javax.persistence.RollbackException: Error while committing the transaction
	at com.miximovies.test.UserDAOTest.testUpdateUser(UserDAOTest.java:100)
Caused by: javax.persistence.PersistenceException: org.hibernate.exception.SQLGrammarException: could not execute statement
	at com.miximovies.test.UserDAOTest.testUpdateUser(UserDAOTest.java:100)
Caused by: org.hibernate.exception.SQLGrammarException: could not execute statement
	at com.miximovies.test.UserDAOTest.testUpdateUser(UserDAOTest.java:100)
Caused by: com.microsoft.sqlserver.jdbc.SQLServerException: String or binary data would be truncated in table 'MovieDB.dbo.Users', column 'Id'. Truncated value: 'test_user_1775571574'.
	at com.miximovies.test.UserDAOTest.testUpdateUser(UserDAOTest.java:100)

testFindByIdOrEmail_WithEmail(com.miximovies.test.UserDAOTest)  Time elapsed: 0.007 s  <<< ERROR!
javax.persistence.RollbackException: Error while committing the transaction
	at com.miximovies.test.UserDAOTest.testFindByIdOrEmail_WithEmail(UserDAOTest.java:70)
Caused by: javax.persistence.PersistenceException: org.hibernate.exception.SQLGrammarException: could not execute statement
	at com.miximovies.test.UserDAOTest.testFindByIdOrEmail_WithEmail(UserDAOTest.java:70)
Caused by: org.hibernate.exception.SQLGrammarException: could not execute statement
	at com.miximovies.test.UserDAOTest.testFindByIdOrEmail_WithEmail(UserDAOTest.java:70)
Caused by: com.microsoft.sqlserver.jdbc.SQLServerException: String or binary data would be truncated in table 'MovieDB.dbo.Users', column 'Id'. Truncated value: 'test_user_1775571574'.
	at com.miximovies.test.UserDAOTest.testFindByIdOrEmail_WithEmail(UserDAOTest.java:70)

testSetActive_LockUser(com.miximovies.test.UserDAOTest)  Time elapsed: 0.007 s  <<< ERROR!
javax.persistence.RollbackException: Error while committing the transaction
	at com.miximovies.test.UserDAOTest.testSetActive_LockUser(UserDAOTest.java:120)
Caused by: javax.persistence.PersistenceException: org.hibernate.exception.SQLGrammarException: could not execute statement
	at com.miximovies.test.UserDAOTest.testSetActive_LockUser(UserDAOTest.java:120)
Caused by: org.hibernate.exception.SQLGrammarException: could not execute statement
	at com.miximovies.test.UserDAOTest.testSetActive_LockUser(UserDAOTest.java:120)
Caused by: com.microsoft.sqlserver.jdbc.SQLServerException: String or binary data would be truncated in table 'MovieDB.dbo.Users', column 'Id'. Truncated value: 'test_user_1775571574'.
	at com.miximovies.test.UserDAOTest.testSetActive_LockUser(UserDAOTest.java:120)

testCreateUser_ValidData(com.miximovies.test.UserDAOTest)  Time elapsed: 0.003 s  <<< ERROR!
javax.persistence.RollbackException: Error while committing the transaction
	at com.miximovies.test.UserDAOTest.testCreateUser_ValidData(UserDAOTest.java:53)
Caused by: javax.persistence.PersistenceException: org.hibernate.exception.SQLGrammarException: could not execute statement
	at com.miximovies.test.UserDAOTest.testCreateUser_ValidData(UserDAOTest.java:53)
Caused by: org.hibernate.exception.SQLGrammarException: could not execute statement
	at com.miximovies.test.UserDAOTest.testCreateUser_ValidData(UserDAOTest.java:53)
Caused by: com.microsoft.sqlserver.jdbc.SQLServerException: String or binary data would be truncated in table 'MovieDB.dbo.Users', column 'Id'. Truncated value: 'test_user_1775571574'.
	at com.miximovies.test.UserDAOTest.testCreateUser_ValidData(UserDAOTest.java:53)

