-------------------------------------------------------------------------------
Test set: com.miximovies.test.CategoryDAOTest
-------------------------------------------------------------------------------
Tests run: 5, Failures: 0, Errors: 1, Skipped: 0, Time elapsed: 7.618 s <<< FAILURE! - in com.miximovies.test.CategoryDAOTest
testUpdateCategory(com.miximovies.test.CategoryDAOTest)  Time elapsed: 0.096 s  <<< ERROR!
javax.persistence.RollbackException: Error while committing the transaction
	at com.miximovies.test.CategoryDAOTest.testUpdateCategory(CategoryDAOTest.java:110)
Caused by: javax.persistence.PersistenceException: org.hibernate.exception.ConstraintViolationException: could not execute statement
	at com.miximovies.test.CategoryDAOTest.testUpdateCategory(CategoryDAOTest.java:110)
Caused by: org.hibernate.exception.ConstraintViolationException: could not execute statement
	at com.miximovies.test.CategoryDAOTest.testUpdateCategory(CategoryDAOTest.java:110)
Caused by: com.microsoft.sqlserver.jdbc.SQLServerException: Violation of UNIQUE KEY constraint 'UQ__Categori__737584F6F223AE85'. Cannot insert duplicate key in object 'dbo.Categories'. The duplicate key value is (Th? lo?i ?ã S?a).
	at com.miximovies.test.CategoryDAOTest.testUpdateCategory(CategoryDAOTest.java:110)

