-------------------------------------------------------------------------------
Test set: com.miximovies.test.EpisodeDAOTest
-------------------------------------------------------------------------------
Tests run: 4, Failures: 0, Errors: 4, Skipped: 0, Time elapsed: 0.34 s <<< FAILURE! - in com.miximovies.test.EpisodeDAOTest
testCreateEpisode(com.miximovies.test.EpisodeDAOTest)  Time elapsed: 0.182 s  <<< ERROR!
javax.persistence.PersistenceException: org.hibernate.exception.ConstraintViolationException: could not execute statement
	at com.miximovies.test.EpisodeDAOTest.testCreateEpisode(EpisodeDAOTest.java:71)
Caused by: org.hibernate.exception.ConstraintViolationException: could not execute statement
	at com.miximovies.test.EpisodeDAOTest.testCreateEpisode(EpisodeDAOTest.java:71)
Caused by: com.microsoft.sqlserver.jdbc.SQLServerException: Cannot insert the value NULL into column 'SeasonNumber', table 'MovieDB.dbo.Episodes'; column does not allow nulls. INSERT fails.
	at com.miximovies.test.EpisodeDAOTest.testCreateEpisode(EpisodeDAOTest.java:71)

testUpdateEpisode(com.miximovies.test.EpisodeDAOTest)  Time elapsed: 0.057 s  <<< ERROR!
javax.persistence.PersistenceException: org.hibernate.exception.ConstraintViolationException: could not execute statement
	at com.miximovies.test.EpisodeDAOTest.testUpdateEpisode(EpisodeDAOTest.java:103)
Caused by: org.hibernate.exception.ConstraintViolationException: could not execute statement
	at com.miximovies.test.EpisodeDAOTest.testUpdateEpisode(EpisodeDAOTest.java:103)
Caused by: com.microsoft.sqlserver.jdbc.SQLServerException: Cannot insert the value NULL into column 'SeasonNumber', table 'MovieDB.dbo.Episodes'; column does not allow nulls. INSERT fails.
	at com.miximovies.test.EpisodeDAOTest.testUpdateEpisode(EpisodeDAOTest.java:103)

testDeleteEpisode(com.miximovies.test.EpisodeDAOTest)  Time elapsed: 0.048 s  <<< ERROR!
javax.persistence.PersistenceException: org.hibernate.exception.ConstraintViolationException: could not execute statement
	at com.miximovies.test.EpisodeDAOTest.testDeleteEpisode(EpisodeDAOTest.java:122)
Caused by: org.hibernate.exception.ConstraintViolationException: could not execute statement
	at com.miximovies.test.EpisodeDAOTest.testDeleteEpisode(EpisodeDAOTest.java:122)
Caused by: com.microsoft.sqlserver.jdbc.SQLServerException: Cannot insert the value NULL into column 'SeasonNumber', table 'MovieDB.dbo.Episodes'; column does not allow nulls. INSERT fails.
	at com.miximovies.test.EpisodeDAOTest.testDeleteEpisode(EpisodeDAOTest.java:122)

testFindBySeriesId(com.miximovies.test.EpisodeDAOTest)  Time elapsed: 0.053 s  <<< ERROR!
javax.persistence.PersistenceException: org.hibernate.exception.ConstraintViolationException: could not execute statement
	at com.miximovies.test.EpisodeDAOTest.testFindBySeriesId(EpisodeDAOTest.java:86)
Caused by: org.hibernate.exception.ConstraintViolationException: could not execute statement
	at com.miximovies.test.EpisodeDAOTest.testFindBySeriesId(EpisodeDAOTest.java:86)
Caused by: com.microsoft.sqlserver.jdbc.SQLServerException: Cannot insert the value NULL into column 'SeasonNumber', table 'MovieDB.dbo.Episodes'; column does not allow nulls. INSERT fails.
	at com.miximovies.test.EpisodeDAOTest.testFindBySeriesId(EpisodeDAOTest.java:86)

