-------------------------------------------------------------------------------
Test set: com.miximovies.test.FavoriteDAOTest
-------------------------------------------------------------------------------
Tests run: 4, Failures: 0, Errors: 4, Skipped: 0, Time elapsed: 0.016 s <<< FAILURE! - in com.miximovies.test.FavoriteDAOTest
testFindSeriesByUser(com.miximovies.test.FavoriteDAOTest)  Time elapsed: 0 s  <<< ERROR!
javax.persistence.RollbackException: Error while committing the transaction
	at com.miximovies.test.FavoriteDAOTest.setUp(FavoriteDAOTest.java:44)
Caused by: javax.persistence.PersistenceException: org.hibernate.exception.SQLGrammarException: could not execute statement
	at com.miximovies.test.FavoriteDAOTest.setUp(FavoriteDAOTest.java:44)
Caused by: org.hibernate.exception.SQLGrammarException: could not execute statement
	at com.miximovies.test.FavoriteDAOTest.setUp(FavoriteDAOTest.java:44)
Caused by: com.microsoft.sqlserver.jdbc.SQLServerException: String or binary data would be truncated in table 'MovieDB.dbo.Users', column 'Id'. Truncated value: 'usr_fav_177557157446'.
	at com.miximovies.test.FavoriteDAOTest.setUp(FavoriteDAOTest.java:44)

testDeleteByUserAndSeries(com.miximovies.test.FavoriteDAOTest)  Time elapsed: 0.008 s  <<< ERROR!
javax.persistence.RollbackException: Error while committing the transaction
	at com.miximovies.test.FavoriteDAOTest.setUp(FavoriteDAOTest.java:44)
Caused by: javax.persistence.PersistenceException: org.hibernate.exception.SQLGrammarException: could not execute statement
	at com.miximovies.test.FavoriteDAOTest.setUp(FavoriteDAOTest.java:44)
Caused by: org.hibernate.exception.SQLGrammarException: could not execute statement
	at com.miximovies.test.FavoriteDAOTest.setUp(FavoriteDAOTest.java:44)
Caused by: com.microsoft.sqlserver.jdbc.SQLServerException: String or binary data would be truncated in table 'MovieDB.dbo.Users', column 'Id'. Truncated value: 'usr_fav_177557157447'.
	at com.miximovies.test.FavoriteDAOTest.setUp(FavoriteDAOTest.java:44)

testCreateFavorite(com.miximovies.test.FavoriteDAOTest)  Time elapsed: 0.005 s  <<< ERROR!
javax.persistence.RollbackException: Error while committing the transaction
	at com.miximovies.test.FavoriteDAOTest.setUp(FavoriteDAOTest.java:44)
Caused by: javax.persistence.PersistenceException: org.hibernate.exception.SQLGrammarException: could not execute statement
	at com.miximovies.test.FavoriteDAOTest.setUp(FavoriteDAOTest.java:44)
Caused by: org.hibernate.exception.SQLGrammarException: could not execute statement
	at com.miximovies.test.FavoriteDAOTest.setUp(FavoriteDAOTest.java:44)
Caused by: com.microsoft.sqlserver.jdbc.SQLServerException: String or binary data would be truncated in table 'MovieDB.dbo.Users', column 'Id'. Truncated value: 'usr_fav_177557157447'.
	at com.miximovies.test.FavoriteDAOTest.setUp(FavoriteDAOTest.java:44)

testDuplicateFavorite(com.miximovies.test.FavoriteDAOTest)  Time elapsed: 0.003 s  <<< ERROR!
javax.persistence.RollbackException: Error while committing the transaction
	at com.miximovies.test.FavoriteDAOTest.setUp(FavoriteDAOTest.java:44)
Caused by: javax.persistence.PersistenceException: org.hibernate.exception.SQLGrammarException: could not execute statement
	at com.miximovies.test.FavoriteDAOTest.setUp(FavoriteDAOTest.java:44)
Caused by: org.hibernate.exception.SQLGrammarException: could not execute statement
	at com.miximovies.test.FavoriteDAOTest.setUp(FavoriteDAOTest.java:44)
Caused by: com.microsoft.sqlserver.jdbc.SQLServerException: String or binary data would be truncated in table 'MovieDB.dbo.Users', column 'Id'. Truncated value: 'usr_fav_177557157448'.
	at com.miximovies.test.FavoriteDAOTest.setUp(FavoriteDAOTest.java:44)

