-------------------------------------------------------------------------------
Test set: com.miximovies.test.CommentDAOTest
-------------------------------------------------------------------------------
Tests run: 4, Failures: 0, Errors: 4, Skipped: 0, Time elapsed: 0.024 s <<< FAILURE! - in com.miximovies.test.CommentDAOTest
testDeleteComment(com.miximovies.test.CommentDAOTest)  Time elapsed: 0 s  <<< ERROR!
javax.persistence.RollbackException: Error while committing the transaction
	at com.miximovies.test.CommentDAOTest.setUp(CommentDAOTest.java:47)
Caused by: javax.persistence.PersistenceException: org.hibernate.exception.SQLGrammarException: could not execute statement
	at com.miximovies.test.CommentDAOTest.setUp(CommentDAOTest.java:47)
Caused by: org.hibernate.exception.SQLGrammarException: could not execute statement
	at com.miximovies.test.CommentDAOTest.setUp(CommentDAOTest.java:47)
Caused by: com.microsoft.sqlserver.jdbc.SQLServerException: String or binary data would be truncated in table 'MovieDB.dbo.Users', column 'Id'. Truncated value: 'usr_cmt_177557157406'.
	at com.miximovies.test.CommentDAOTest.setUp(CommentDAOTest.java:47)

testFindBySeries_NotExists(com.miximovies.test.CommentDAOTest)  Time elapsed: 0.001 s  <<< ERROR!
javax.persistence.RollbackException: Error while committing the transaction
	at com.miximovies.test.CommentDAOTest.setUp(CommentDAOTest.java:47)
Caused by: javax.persistence.PersistenceException: org.hibernate.exception.SQLGrammarException: could not execute statement
	at com.miximovies.test.CommentDAOTest.setUp(CommentDAOTest.java:47)
Caused by: org.hibernate.exception.SQLGrammarException: could not execute statement
	at com.miximovies.test.CommentDAOTest.setUp(CommentDAOTest.java:47)
Caused by: com.microsoft.sqlserver.jdbc.SQLServerException: String or binary data would be truncated in table 'MovieDB.dbo.Users', column 'Id'. Truncated value: 'usr_cmt_177557157407'.
	at com.miximovies.test.CommentDAOTest.setUp(CommentDAOTest.java:47)

testCreateComment_Valid(com.miximovies.test.CommentDAOTest)  Time elapsed: 0.011 s  <<< ERROR!
javax.persistence.RollbackException: Error while committing the transaction
	at com.miximovies.test.CommentDAOTest.setUp(CommentDAOTest.java:47)
Caused by: javax.persistence.PersistenceException: org.hibernate.exception.SQLGrammarException: could not execute statement
	at com.miximovies.test.CommentDAOTest.setUp(CommentDAOTest.java:47)
Caused by: org.hibernate.exception.SQLGrammarException: could not execute statement
	at com.miximovies.test.CommentDAOTest.setUp(CommentDAOTest.java:47)
Caused by: com.microsoft.sqlserver.jdbc.SQLServerException: String or binary data would be truncated in table 'MovieDB.dbo.Users', column 'Id'. Truncated value: 'usr_cmt_177557157409'.
	at com.miximovies.test.CommentDAOTest.setUp(CommentDAOTest.java:47)

testFindBySeriesId(com.miximovies.test.CommentDAOTest)  Time elapsed: 0.009 s  <<< ERROR!
javax.persistence.RollbackException: Error while committing the transaction
	at com.miximovies.test.CommentDAOTest.setUp(CommentDAOTest.java:47)
Caused by: javax.persistence.PersistenceException: org.hibernate.exception.SQLGrammarException: could not execute statement
	at com.miximovies.test.CommentDAOTest.setUp(CommentDAOTest.java:47)
Caused by: org.hibernate.exception.SQLGrammarException: could not execute statement
	at com.miximovies.test.CommentDAOTest.setUp(CommentDAOTest.java:47)
Caused by: com.microsoft.sqlserver.jdbc.SQLServerException: String or binary data would be truncated in table 'MovieDB.dbo.Users', column 'Id'. Truncated value: 'usr_cmt_177557157410'.
	at com.miximovies.test.CommentDAOTest.setUp(CommentDAOTest.java:47)

