<?xml version="1.0" encoding="UTF-8"?>
<testsuite xmlns:xsi="http://www.w3.org/2001/XMLSchema-instance" xsi:noNamespaceSchemaLocation="https://maven.apache.org/surefire/maven-surefire-plugin/xsd/surefire-test-report.xsd" name="com.miximovies.test.SeriesDAOTest" time="0.44" tests="6" errors="0" skipped="0" failures="0">
  <properties>
[...]
</properties>
  <testcase name="testFindById_Existing" classname="com.miximovies.test.SeriesDAOTest" time="0.032"/>
  <testcase name="testIncreaseView" classname="com.miximovies.test.SeriesDAOTest" time="0.085"/>
  <testcase name="testFindById_NonExisting" classname="com.miximovies.test.SeriesDAOTest" time="0.006"/>
  <testcase name="testUpdateSeries" classname="com.miximovies.test.SeriesDAOTest" time="0.082"/>
  <testcase name="testCreateSeries_Valid" classname="com.miximovies.test.SeriesDAOTest" time="0.025"/>
  <testcase name="testFindAllActive" classname="com.miximovies.test.SeriesDAOTest" time="0.21"/>
</testsuite>