<?xml version="1.0" encoding="UTF-8"?>
<testsuite xmlns:xsi="http://www.w3.org/2001/XMLSchema-instance" xsi:noNamespaceSchemaLocation="https://maven.apache.org/surefire/maven-surefire-plugin/xsd/surefire-test-report.xsd" name="com.miximovies.test.EpisodeDAOTest" time="0.34" tests="4" errors="4" skipped="0" failures="0">
  <properties>
[...]
</properties>
  <testcase name="testCreateEpisode" classname="com.miximovies.test.EpisodeDAOTest" time="0.182">
    <error message="org.hibernate.exception.ConstraintViolationException: could not execute statement" type="javax.persistence.PersistenceException">javax.persistence.PersistenceException: org.hibernate.exception.ConstraintViolationException: could not execute statement
	at com.miximovies.test.EpisodeDAOTest.testCreateEpisode(EpisodeDAOTest.java:71)
Caused by: org.hibernate.exception.ConstraintViolationException: could not execute statement
	at com.miximovies.test.EpisodeDAOTest.testCreateEpisode(EpisodeDAOTest.java:71)
Caused by: com.microsoft.sqlserver.jdbc.SQLServerException: Cannot insert the value NULL into column 'SeasonNumber', table 'MovieDB.dbo.Episodes'; column does not allow nulls. INSERT fails.
	at com.miximovies.test.EpisodeDAOTest.testCreateEpisode(EpisodeDAOTest.java:71)
</error>
    <system-out><![CDATA[Hibernate: 
    insert 
    into
        Series
        (active, Actors, CategoryId, createdAt, Description, Director, Genre, Poster, slug, Title, tmdbId, type, views, year) 
    values
        (?, ?, ?, ?, ?, ?, ?, ?, ?, ?, ?, ?, ?, ?)
Hibernate: 
    insert 
    into
        Episodes
        (EpisodeNumber, SeasonNumber, SeriesId, SubtitleUrl, title, VideoUrl) 
    values
        (?, ?, ?, ?, ?, ?)
Hibernate: 
    select
        series0_.id as id1_4_0_,
        series0_.active as active2_4_0_,
        series0_.Actors as actors3_4_0_,
        series0_.CategoryId as categor15_4_0_,
        series0_.createdAt as createda4_4_0_,
        series0_.Description as descript5_4_0_,
        series0_.Director as director6_4_0_,
        series0_.Genre as genre7_4_0_,
        series0_.Poster as poster8_4_0_,
        series0_.slug as slug9_4_0_,
        series0_.Title as title10_4_0_,
        series0_.tmdbId as tmdbid11_4_0_,
        series0_.type as type12_4_0_,
        series0_.views as views13_4_0_,
        series0_.year as year14_4_0_ 
    from
        Series series0_ 
    where
        series0_.id=?
Hibernate: 
    select
        episodes0_.SeriesId as seriesid7_2_0_,
        episodes0_.id as id1_2_0_,
        episodes0_.id as id1_2_1_,
        episodes0_.EpisodeNumber as episoden2_2_1_,
        episodes0_.SeasonNumber as seasonnu3_2_1_,
        episodes0_.SeriesId as seriesid7_2_1_,
        episodes0_.SubtitleUrl as subtitle4_2_1_,
        episodes0_.title as title5_2_1_,
        episodes0_.VideoUrl as videourl6_2_1_ 
    from
        Episodes episodes0_ 
    where
        episodes0_.SeriesId=?
Hibernate: 
    delete 
    from
        Series 
    where
        id=?
]]></system-out>
    <system-err><![CDATA[Apr 07, 2026 9:19:34 PM org.hibernate.engine.jdbc.spi.SqlExceptionHelper logExceptions
WARN: SQL Error: 515, SQLState: 23000
Apr 07, 2026 9:19:34 PM org.hibernate.engine.jdbc.spi.SqlExceptionHelper logExceptions
ERROR: Cannot insert the value NULL into column 'SeasonNumber', table 'MovieDB.dbo.Episodes'; column does not allow nulls. INSERT fails.
]]></system-err>
  </testcase>
  <testcase name="testUpdateEpisode" classname="com.miximovies.test.EpisodeDAOTest" time="0.057">
    <error message="org.hibernate.exception.ConstraintViolationException: could not execute statement" type="javax.persistence.PersistenceException">javax.persistence.PersistenceException: org.hibernate.exception.ConstraintViolationException: could not execute statement
	at com.miximovies.test.EpisodeDAOTest.testUpdateEpisode(EpisodeDAOTest.java:103)
Caused by: org.hibernate.exception.ConstraintViolationException: could not execute statement
	at com.miximovies.test.EpisodeDAOTest.testUpdateEpisode(EpisodeDAOTest.java:103)
Caused by: com.microsoft.sqlserver.jdbc.SQLServerException: Cannot insert the value NULL into column 'SeasonNumber', table 'MovieDB.dbo.Episodes'; column does not allow nulls. INSERT fails.
	at com.miximovies.test.EpisodeDAOTest.testUpdateEpisode(EpisodeDAOTest.java:103)
</error>
    <system-out><![CDATA[Hibernate: 
    insert 
    into
        Series
        (active, Actors, CategoryId, createdAt, Description, Director, Genre, Poster, slug, Title, tmdbId, type, views, year) 
    values
        (?, ?, ?, ?, ?, ?, ?, ?, ?, ?, ?, ?, ?, ?)
Hibernate: 
    insert 
    into
        Episodes
        (EpisodeNumber, SeasonNumber, SeriesId, SubtitleUrl, title, VideoUrl) 
    values
        (?, ?, ?, ?, ?, ?)
Hibernate: 
    select
        series0_.id as id1_4_0_,
        series0_.active as active2_4_0_,
        series0_.Actors as actors3_4_0_,
        series0_.CategoryId as categor15_4_0_,
        series0_.createdAt as createda4_4_0_,
        series0_.Description as descript5_4_0_,
        series0_.Director as director6_4_0_,
        series0_.Genre as genre7_4_0_,
        series0_.Poster as poster8_4_0_,
        series0_.slug as slug9_4_0_,
        series0_.Title as title10_4_0_,
        series0_.tmdbId as tmdbid11_4_0_,
        series0_.type as type12_4_0_,
        series0_.views as views13_4_0_,
        series0_.year as year14_4_0_ 
    from
        Series series0_ 
    where
        series0_.id=?
Hibernate: 
    select
        episodes0_.SeriesId as seriesid7_2_0_,
        episodes0_.id as id1_2_0_,
        episodes0_.id as id1_2_1_,
        episodes0_.EpisodeNumber as episoden2_2_1_,
        episodes0_.SeasonNumber as seasonnu3_2_1_,
        episodes0_.SeriesId as seriesid7_2_1_,
        episodes0_.SubtitleUrl as subtitle4_2_1_,
        episodes0_.title as title5_2_1_,
        episodes0_.VideoUrl as videourl6_2_1_ 
    from
        Episodes episodes0_ 
    where
        episodes0_.SeriesId=?
Hibernate: 
    delete 
    from
        Series 
    where
        id=?
]]></system-out>
    <system-err><![CDATA[Apr 07, 2026 9:19:34 PM org.hibernate.engine.jdbc.spi.SqlExceptionHelper logExceptions
WARN: SQL Error: 515, SQLState: 23000
Apr 07, 2026 9:19:34 PM org.hibernate.engine.jdbc.spi.SqlExceptionHelper logExceptions
ERROR: Cannot insert the value NULL into column 'SeasonNumber', table 'MovieDB.dbo.Episodes'; column does not allow nulls. INSERT fails.
]]></system-err>
  </testcase>
  <testcase name="testDeleteEpisode" classname="com.miximovies.test.EpisodeDAOTest" time="0.048">
    <error message="org.hibernate.exception.ConstraintViolationException: could not execute statement" type="javax.persistence.PersistenceException">javax.persistence.PersistenceException: org.hibernate.exception.ConstraintViolationException: could not execute statement
	at com.miximovies.test.EpisodeDAOTest.testDeleteEpisode(EpisodeDAOTest.java:122)
Caused by: org.hibernate.exception.ConstraintViolationException: could not execute statement
	at com.miximovies.test.EpisodeDAOTest.testDeleteEpisode(EpisodeDAOTest.java:122)
Caused by: com.microsoft.sqlserver.jdbc.SQLServerException: Cannot insert the value NULL into column 'SeasonNumber', table 'MovieDB.dbo.Episodes'; column does not allow nulls. INSERT fails.
	at com.miximovies.test.EpisodeDAOTest.testDeleteEpisode(EpisodeDAOTest.java:122)
</error>
    <system-out><![CDATA[Hibernate: 
    insert 
    into
        Series
        (active, Actors, CategoryId, createdAt, Description, Director, Genre, Poster, slug, Title, tmdbId, type, views, year) 
    values
        (?, ?, ?, ?, ?, ?, ?, ?, ?, ?, ?, ?, ?, ?)
Hibernate: 
    insert 
    into
        Episodes
        (EpisodeNumber, SeasonNumber, SeriesId, SubtitleUrl, title, VideoUrl) 
    values
        (?, ?, ?, ?, ?, ?)
Hibernate: 
    select
        series0_.id as id1_4_0_,
        series0_.active as active2_4_0_,
        series0_.Actors as actors3_4_0_,
        series0_.CategoryId as categor15_4_0_,
        series0_.createdAt as createda4_4_0_,
        series0_.Description as descript5_4_0_,
        series0_.Director as director6_4_0_,
        series0_.Genre as genre7_4_0_,
        series0_.Poster as poster8_4_0_,
        series0_.slug as slug9_4_0_,
        series0_.Title as title10_4_0_,
        series0_.tmdbId as tmdbid11_4_0_,
        series0_.type as type12_4_0_,
        series0_.views as views13_4_0_,
        series0_.year as year14_4_0_ 
    from
        Series series0_ 
    where
        series0_.id=?
Hibernate: 
    select
        episodes0_.SeriesId as seriesid7_2_0_,
        episodes0_.id as id1_2_0_,
        episodes0_.id as id1_2_1_,
        episodes0_.EpisodeNumber as episoden2_2_1_,
        episodes0_.SeasonNumber as seasonnu3_2_1_,
        episodes0_.SeriesId as seriesid7_2_1_,
        episodes0_.SubtitleUrl as subtitle4_2_1_,
        episodes0_.title as title5_2_1_,
        episodes0_.VideoUrl as videourl6_2_1_ 
    from
        Episodes episodes0_ 
    where
        episodes0_.SeriesId=?
Hibernate: 
    delete 
    from
        Series 
    where
        id=?
]]></system-out>
    <system-err><![CDATA[Apr 07, 2026 9:19:34 PM org.hibernate.engine.jdbc.spi.SqlExceptionHelper logExceptions
WARN: SQL Error: 515, SQLState: 23000
Apr 07, 2026 9:19:34 PM org.hibernate.engine.jdbc.spi.SqlExceptionHelper logExceptions
ERROR: Cannot insert the value NULL into column 'SeasonNumber', table 'MovieDB.dbo.Episodes'; column does not allow nulls. INSERT fails.
]]></system-err>
  </testcase>
  <testcase name="testFindBySeriesId" classname="com.miximovies.test.EpisodeDAOTest" time="0.053">
    <error message="org.hibernate.exception.ConstraintViolationException: could not execute statement" type="javax.persistence.PersistenceException">javax.persistence.PersistenceException: org.hibernate.exception.ConstraintViolationException: could not execute statement
	at com.miximovies.test.EpisodeDAOTest.testFindBySeriesId(EpisodeDAOTest.java:86)
Caused by: org.hibernate.exception.ConstraintViolationException: could not execute statement
	at com.miximovies.test.EpisodeDAOTest.testFindBySeriesId(EpisodeDAOTest.java:86)
Caused by: com.microsoft.sqlserver.jdbc.SQLServerException: Cannot insert the value NULL into column 'SeasonNumber', table 'MovieDB.dbo.Episodes'; column does not allow nulls. INSERT fails.
	at com.miximovies.test.EpisodeDAOTest.testFindBySeriesId(EpisodeDAOTest.java:86)
</error>
    <system-out><![CDATA[Hibernate: 
    insert 
    into
        Series
        (active, Actors, CategoryId, createdAt, Description, Director, Genre, Poster, slug, Title, tmdbId, type, views, year) 
    values
        (?, ?, ?, ?, ?, ?, ?, ?, ?, ?, ?, ?, ?, ?)
Hibernate: 
    insert 
    into
        Episodes
        (EpisodeNumber, SeasonNumber, SeriesId, SubtitleUrl, title, VideoUrl) 
    values
        (?, ?, ?, ?, ?, ?)
Hibernate: 
    select
        series0_.id as id1_4_0_,
        series0_.active as active2_4_0_,
        series0_.Actors as actors3_4_0_,
        series0_.CategoryId as categor15_4_0_,
        series0_.createdAt as createda4_4_0_,
        series0_.Description as descript5_4_0_,
        series0_.Director as director6_4_0_,
        series0_.Genre as genre7_4_0_,
        series0_.Poster as poster8_4_0_,
        series0_.slug as slug9_4_0_,
        series0_.Title as title10_4_0_,
        series0_.tmdbId as tmdbid11_4_0_,
        series0_.type as type12_4_0_,
        series0_.views as views13_4_0_,
        series0_.year as year14_4_0_ 
    from
        Series series0_ 
    where
        series0_.id=?
Hibernate: 
    select
        episodes0_.SeriesId as seriesid7_2_0_,
        episodes0_.id as id1_2_0_,
        episodes0_.id as id1_2_1_,
        episodes0_.EpisodeNumber as episoden2_2_1_,
        episodes0_.SeasonNumber as seasonnu3_2_1_,
        episodes0_.SeriesId as seriesid7_2_1_,
        episodes0_.SubtitleUrl as subtitle4_2_1_,
        episodes0_.title as title5_2_1_,
        episodes0_.VideoUrl as videourl6_2_1_ 
    from
        Episodes episodes0_ 
    where
        episodes0_.SeriesId=?
Hibernate: 
    delete 
    from
        Series 
    where
        id=?
]]></system-out>
    <system-err><![CDATA[Apr 07, 2026 9:19:34 PM org.hibernate.engine.jdbc.spi.SqlExceptionHelper logExceptions
WARN: SQL Error: 515, SQLState: 23000
Apr 07, 2026 9:19:34 PM org.hibernate.engine.jdbc.spi.SqlExceptionHelper logExceptions
ERROR: Cannot insert the value NULL into column 'SeasonNumber', table 'MovieDB.dbo.Episodes'; column does not allow nulls. INSERT fails.
]]></system-err>
  </testcase>
</testsuite>